#-----------------------------------------------------------
# xsim v2016.4 (64-bit)
# SW Build 1756540 on Mon Jan 23 19:11:19 MST 2017
# IP Build 1755317 on Mon Jan 23 20:30:07 MST 2017
# Start of session at: Thu Jun 15 14:52:52 2017
# Process ID: 21835
# Current directory: /home/yamaguchi/Floating_Point_Addr
# Command line: xsim -mode tcl -source {xsim.dir/test_fadd.sim/xsim_script.tcl}
# Log file: /home/yamaguchi/Floating_Point_Addr/xsim.log
# Journal file: /home/yamaguchi/Floating_Point_Addr/xsim.jou
#-----------------------------------------------------------
source xsim.dir/test_fadd.sim/xsim_script.tcl
# xsim {test_fadd.sim} -autoloadwcfg -runall
Vivado Simulator 2016.4
Time resolution is 100 ps
run -all
$finish called at time : 34023632 ns : File "/home/yamaguchi/Floating_Point_Addr/test_fadd.sv" Line 125
run: Time (s): cpu = 00:00:00.02 ; elapsed = 00:01:14 . Memory (MB): peak = 966.312 ; gain = 0.000 ; free physical = 709 ; free virtual = 26742
exit
INFO: [Common 17-206] Exiting xsim at Thu Jun 15 14:54:12 2017...
