#-----------------------------------------------------------
# xsim v2016.4 (64-bit)
# SW Build 1756540 on Mon Jan 23 19:11:19 MST 2017
# IP Build 1755317 on Mon Jan 23 20:30:07 MST 2017
# Start of session at: Thu Jun  8 16:49:08 2017
# Process ID: 3327
# Current directory: /home/yamaguchi/Floating_Point_Addr
# Command line: xsim -mode tcl -source {xsim.dir/test_faddone.sim/xsim_script.tcl}
# Log file: /home/yamaguchi/Floating_Point_Addr/xsim.log
# Journal file: /home/yamaguchi/Floating_Point_Addr/xsim.jou
#-----------------------------------------------------------
source xsim.dir/test_faddone.sim/xsim_script.tcl
# xsim {test_faddone.sim} -autoloadwcfg -runall
Vivado Simulator 2016.4
Time resolution is 100 ps
run -all
x1, x2 = 10000000110111111111111111111111 11011110111111111111111111111111
x1, x2 = -2.057115e-38 -9.223371e+18

-9.223371e+18 11011110111111111111111111111111

-1.383506e+19 11011111010000000000000000000000

$finish called at time : 1 ns : File "/home/yamaguchi/Floating_Point_Addr/test_faddone.sv" Line 40
exit
INFO: [Common 17-206] Exiting xsim at Thu Jun  8 16:49:14 2017...
